<?xml version="1.0" encoding="UTF-8"?>
<!-- Generated by org.testng.reporters.JUnitReportReporter -->
<testsuite name="com.qa.MavenHandsOn" tests="1" time="16.277" ignored="0" failures="0" timestamp="11 Aug 2018 11:31:51 GMT" skipped="0" hostname="VishaanthLaptop" errors="0">
  <testcase name="launchBrowser" time="16.277" classname="com.qa.MavenHandsOn"/>
</testsuite> <!-- com.qa.MavenHandsOn -->
