<?xml version="1.0" encoding="UTF-8"?>
<!-- Generated by org.testng.reporters.JUnitReportReporter -->
<testsuite name="com.qa.MavenHandsOn" tests="1" time="9.275" ignored="0" failures="0" timestamp="11 Aug 2018 17:22:18 GMT" skipped="0" hostname="VishaanthLaptop" errors="0">
  <testcase name="launchBrowser" time="9.275" classname="com.qa.MavenHandsOn"/>
</testsuite> <!-- com.qa.MavenHandsOn -->
